[debug] [2023-04-13T09:48:24.797Z] ----------------------------------------------------------------------
[debug] [2023-04-13T09:48:24.799Z] Command:       C:\Program Files\nodejs\node.exe C:\Users\Usuario\AppData\Roaming\npm\node_modules\firebase-tools\lib\bin\firebase.js emulators:start
[debug] [2023-04-13T09:48:24.799Z] CLI Version:   11.25.3
[debug] [2023-04-13T09:48:24.799Z] Platform:      win32
[debug] [2023-04-13T09:48:24.799Z] Node Version:  v18.12.1
[debug] [2023-04-13T09:48:24.801Z] Time:          Thu Apr 13 2023 11:48:24 GMT+0200 (hora de verano de Europa central)
[debug] [2023-04-13T09:48:24.801Z] ----------------------------------------------------------------------
[debug] 
[debug] [2023-04-13T09:48:24.922Z] > command requires scopes: ["email","openid","https://www.googleapis.com/auth/cloudplatformprojects.readonly","https://www.googleapis.com/auth/firebase","https://www.googleapis.com/auth/cloud-platform"]
[debug] [2023-04-13T09:48:24.922Z] > authorizing via signed-in user (davidmarras@gmail.com)
[info] i  emulators: Starting emulators: hosting {"metadata":{"emulator":{"name":"hub"},"message":"Starting emulators: hosting"}}
[debug] [2023-04-13T09:48:24.936Z] [logging] Logging Emulator only supports listening on one address (127.0.0.1). Not listening on ::1
[debug] [2023-04-13T09:48:24.937Z] [hosting] Hosting Emulator only supports listening on one address (127.0.0.1). Not listening on ::1
[debug] [2023-04-13T09:48:24.937Z] assigned listening specs for emulators {"user":{"hub":[{"address":"127.0.0.1","family":"IPv4","port":4400},{"address":"::1","family":"IPv6","port":4400}],"logging":[{"address":"127.0.0.1","family":"IPv4","port":4500}],"hosting":[{"address":"127.0.0.1","family":"IPv4","port":5000}]},"metadata":{"message":"assigned listening specs for emulators"}}
[warn] !  emulators: It seems that you are running multiple instances of the emulator suite for project todolist-9c8f1. This may result in unexpected behavior. 
[debug] [2023-04-13T09:48:24.951Z] [hub] writing locator at C:\Users\Usuario\AppData\Local\Temp\hub-todolist-9c8f1.json
[debug] [2023-04-13T09:48:24.978Z] > refreshing access token with scopes: []
[debug] [2023-04-13T09:48:24.981Z] >>> [apiv2][query] POST https://www.googleapis.com/oauth2/v3/token [none]
[debug] [2023-04-13T09:48:24.981Z] >>> [apiv2][body] POST https://www.googleapis.com/oauth2/v3/token [omitted]
[debug] [2023-04-13T09:48:25.503Z] <<< [apiv2][status] POST https://www.googleapis.com/oauth2/v3/token 200
[debug] [2023-04-13T09:48:25.503Z] <<< [apiv2][body] POST https://www.googleapis.com/oauth2/v3/token [omitted]
[debug] [2023-04-13T09:48:25.516Z] >>> [apiv2][query] GET https://firebasehosting.googleapis.com/v1beta1/projects/todolist-9c8f1/sites 
[debug] [2023-04-13T09:48:27.180Z] <<< [apiv2][status] GET https://firebasehosting.googleapis.com/v1beta1/projects/todolist-9c8f1/sites 200
[debug] [2023-04-13T09:48:27.180Z] <<< [apiv2][body] GET https://firebasehosting.googleapis.com/v1beta1/projects/todolist-9c8f1/sites {"sites":[{"name":"projects/todolist-9c8f1/sites/todolist-9c8f1","defaultUrl":"https://todolist-9c8f1.web.app","type":"DEFAULT_SITE"}]}
[debug] [2023-04-13T09:48:27.181Z] >>> [apiv2][query] GET https://firebase.googleapis.com/v1beta1/projects/todolist-9c8f1/webApps/-/config [none]
[debug] [2023-04-13T09:48:28.479Z] <<< [apiv2][status] GET https://firebase.googleapis.com/v1beta1/projects/todolist-9c8f1/webApps/-/config 200
[debug] [2023-04-13T09:48:28.480Z] <<< [apiv2][body] GET https://firebase.googleapis.com/v1beta1/projects/todolist-9c8f1/webApps/-/config {"projectId":"todolist-9c8f1","appId":"1:982450165115:web:74d3595b356854f09e19de","databaseURL":"https://todolist-9c8f1-default-rtdb.europe-west1.firebasedatabase.app","storageBucket":"todolist-9c8f1.appspot.com","locationId":"europe-west","apiKey":"AIzaSyBKKV9Tn3eW_P4XXj2hDqX24YjSkWAYKds","authDomain":"todolist-9c8f1.firebaseapp.com","messagingSenderId":"982450165115"}
[debug] [2023-04-13T09:48:28.491Z] >>> [apiv2][query] GET https://firebase.googleapis.com/v1beta1/projects/todolist-9c8f1 [none]
